<?xml version="1.0" encoding="UTF-8"?>
<!-- Generated by org.testng.reporters.JUnitReportReporter -->
<testsuite hostname="PC19982" failures="0" tests="1" name="test.DataProviderWithExcel_001" time="10.076" errors="0" timestamp="2021-04-26T14:57:23 ICT" skipped="0">
  <testcase classname="test.DataProviderWithExcel_001" name="f" time="10.076"/>
  <system-out/>
</testsuite> <!-- test.DataProviderWithExcel_001 -->
