<?xml version="1.0" encoding="UTF-8"?>
<!-- Generated by org.testng.reporters.JUnitReportReporter -->
<testsuite hostname="PC19982" failures="0" tests="1" name="test.DataProviderWithExcel_001" time="9.202" errors="0" timestamp="2021-04-26T10:51:42 ICT" skipped="0">
  <testcase classname="test.DataProviderWithExcel_001" name="f" time="9.202"/>
  <system-out/>
</testsuite> <!-- test.DataProviderWithExcel_001 -->
