<?xml version="1.0" encoding="UTF-8"?>
<!-- Generated by org.testng.reporters.JUnitReportReporter -->
<testsuite hostname="PC19982" failures="0" tests="1" name="practiceTestCases.DataProviderWithExcel_001" time="9.081" errors="0" timestamp="2021-04-23T11:26:44 ICT" skipped="0">
  <testcase classname="practiceTestCases.DataProviderWithExcel_001" name="f" time="9.081"/>
  <system-out/>
</testsuite> <!-- practiceTestCases.DataProviderWithExcel_001 -->
